CONFIG 2026-01-02 15:58:43,903 [main][Log4J2Logger.java:215] : Logging policy: Log4J2
CONFIG 2026-01-02 15:58:44,317 [main][Log4J2Logger.java:189] : Factory implementations for category GridCoverageFactory:
  org.geotools.coverage.grid.GridCoverageFactory
CONFIG 2026-01-02 15:58:44,870 [main][Log4J2Logger.java:189] : Factory implementations for category FilterFactory:
  org.geotools.filter.FilterFactoryImpl
CONFIG 2026-01-02 15:58:44,907 [main][Log4J2Logger.java:189] : Factory implementations for category StyleFactory:
  org.geotools.styling.StyleFactoryImpl
CONFIG 2026-01-02 15:58:44,917 [main][Log4J2Logger.java:189] : Factory implementations for category FeatureFactory:
  org.geotools.feature.LenientFeatureFactoryImpl
  org.geotools.feature.ValidatingFeatureFactoryImpl
DEBUG 2026-01-02 15:58:45,540 [main][Log4J2Logger.java:220] : Extension lookup 'XStreamPersisterInitializer', prior to bean geoserverExtensions initialisation.
DEBUG 2026-01-02 15:58:45,541 [main][Log4J2Logger.java:220] : Extension lookup 'ExtensionFilter', prior to bean geoserverExtensions initialisation.
DEBUG 2026-01-02 15:58:45,545 [main][Log4J2Logger.java:220] : Extension lookup 'ExtensionProvider', but provided ApplicationContext is unset.
DEBUG 2026-01-02 15:58:45,545 [main][Log4J2Logger.java:220] : Extension lookup 'ExtensionFilter', but provided ApplicationContext is unset.
DEBUG 2026-01-02 15:58:45,591 [main][Log4J2Logger.java:220] : CONFIGURING GEOSERVER LOGGING -------------------------
02 Jan 15:58:51 CONFIG [geoserver.logging] - Log4j 2 configuration set to DEFAULT_LOGGING.xml
02 Jan 15:58:55 WARN   [geoserver.monitor] - monitoring storage memory not found, falling back to 'memory'
02 Jan 15:58:56 CONFIG [org.geoserver] - GeoServer configuration lock is enabled
02 Jan 15:58:56 CONFIG [org.geoserver] - Loading catalog /opt/geoserver/data_dir
02 Jan 15:58:56 WARN   [org.geoserver] - No 'workspaces' directory found, unable to load any stores.
02 Jan 15:58:56 CONFIG [org.geoserver] - Read catalog in 10.38 ms
02 Jan 15:58:56 CONFIG [org.geoserver] - Loaded service 'WFSInfoImpl-3f9ea69d:19b7f6ef42f:-7ffb', enabled
02 Jan 15:58:56 CONFIG [org.geoserver] - Loaded service 'WPSInfoImpl-3f9ea69d:19b7f6ef42f:-7ffa', enabled
02 Jan 15:58:56 CONFIG [org.geoserver] - Loaded service 'WCSInfoImpl-3f9ea69d:19b7f6ef42f:-7ff9', enabled
02 Jan 15:58:56 CONFIG [org.geoserver] - Loaded service 'csw', enabled
02 Jan 15:58:56 CONFIG [org.geoserver] - Loaded service 'WMTSInfoImpl-3f9ea69d:19b7f6ef42f:-7ff8', enabled
02 Jan 15:58:56 CONFIG [org.geoserver] - Loaded service 'WMSInfoImpl-3f9ea69d:19b7f6ef42f:-7ff7', enabled
02 Jan 15:58:57 CONFIG [gwc.config] - Will look for 'geowebcache.xml' in directory '/opt/geoserver/data_dir/gwc'.
02 Jan 15:58:57 CONFIG [gwc.config] - Create configuration file '/opt/geoserver/data_dir/gwc/geowebcache.xml' from template jar:file:/usr/local/tomcat/webapps/geoserver/WEB-INF/lib/gwc-core-1.24.1.jar!/geowebcache_empty.xml
02 Jan 15:58:57 WARN   [config.XMLConfiguration] - GWC configuration validation error: cvc-elt.1.a: Cannot find the declaration of element 'gwcConfiguration'.
02 Jan 15:58:57 WARN   [config.XMLConfiguration] - Will try to use configuration anyway. Please check the order of declared elements against the schema.
02 Jan 15:58:57 CONFIG [config.XMLConfiguration] - Initializing GridSets from /opt/geoserver/data_dir/gwc
02 Jan 15:58:57 CONFIG [config.XMLConfiguration] - Initializing layers from /opt/geoserver/data_dir/gwc
02 Jan 15:58:57 CONFIG [gwc.layer] - Initializing GWC configuration based on GeoServer's Catalog
02 Jan 15:58:57 CONFIG [gwc.layer] - GeoServer TileLayer store base directory is: gwc-layers
02 Jan 15:58:57 CONFIG [gwc.layer] - Loading tile layers from gwc-layers
02 Jan 15:58:57 CONFIG [gwc.layer] - Loaded 0 tile layers in 4.869 ms
02 Jan 15:58:57 CONFIG [storage.BlobStoreAggregator] - BlobStoreConfiguration /opt/geoserver/data_dir/gwc contained no blob store infos.
02 Jan 15:58:57 CONFIG [storage.DefaultStorageFinder] - Found system environment variableGEOWEBCACHE_CACHE_DIR set to /opt/geoserver/data_dir/gwc, using it as the default prefix.
02 Jan 15:58:57 CONFIG [gwc.config] - Initializing GeoServer specific GWC configuration from gwc-gs.xml
02 Jan 15:58:58 WARN   [turbojpeg.TurboJPEGMapResponse] - The turbo jpeg encoder is available for usage
02 Jan 15:58:58 INFO   [geoserver.monitor] - Monitor extension enabled
02 Jan 15:58:59 INFO   [flow.config] - Loaded control-flow rule: ows.global=100
02 Jan 15:58:59 INFO   [flow.config] - Loaded control-flow rule: ows.wms.getmap=10
02 Jan 15:58:59 INFO   [flow.config] - Loaded control-flow rule: ows.wfs.getfeature.application/msexcel=4
02 Jan 15:58:59 INFO   [flow.config] - Loaded control-flow rule: user=6
02 Jan 15:58:59 INFO   [flow.config] - Loaded control-flow rule: ows.gwc=16
02 Jan 15:58:59 INFO   [flow.config] - Loaded control-flow rule: user.ows.wps.execute=1000/d;30s
02 Jan 15:58:59 CONFIG [geoserver.flow] - Control-flow active with 6 flow controllers
02 Jan 15:59:02 CONFIG [geoserver.wps] - Found 5 bindable processes in GeoServer specific processes
02 Jan 15:59:02 CONFIG [geoserver.wps] - Found 89 bindable processes in Deprecated processes
02 Jan 15:59:02 CONFIG [geoserver.wps] - Found 48 bindable processes in Geometry processes
02 Jan 15:59:02 CONFIG [geoserver.wps] - Found 1 bindable processes in PolygonLabelProcess
02 Jan 15:59:02 CONFIG [geoserver.wps] - Found 1 bindable processes in geo
02 Jan 15:59:02 CONFIG [geoserver.wps] - Found 1 bindable processes in geo
02 Jan 15:59:02 CONFIG [geoserver.wps] - Blacklisting process ras:ConvolveCoverage as the input kernel of type class javax.media.jai.KernelJAI cannot be handled
02 Jan 15:59:02 CONFIG [geoserver.wps] - Blacklisting process ras:RasterZonalStatistics2 as the input zones of type class java.lang.Object cannot be handled
02 Jan 15:59:02 CONFIG [geoserver.wps] - Blacklisting process ras:RasterZonalStatistics2 as the input nodata of type class it.geosolutions.jaiext.range.Range cannot be handled
02 Jan 15:59:02 CONFIG [geoserver.wps] - Blacklisting process ras:RasterZonalStatistics2 as the input rangeData of type class java.lang.Object cannot be handled
02 Jan 15:59:02 CONFIG [geoserver.wps] - Blacklisting process ras:RasterZonalStatistics2 as the output zonal statistics of type interface java.util.List cannot be handled
02 Jan 15:59:02 CONFIG [geoserver.wps] - Found 18 bindable processes in Raster processes
02 Jan 15:59:02 CONFIG [geoserver.wps] - Blacklisting process vec:GroupCandidateSelection as the input groupingAttributes of type class java.lang.Object cannot be handled
02 Jan 15:59:02 CONFIG [geoserver.wps] - Found 31 bindable processes in Vector processes
02 Jan 15:59:12 CONFIG [geowebcache.GeoWebCacheDispatcher] - Invoked setServletPrefix(gwc)
02 Jan 15:59:12 CONFIG [wms.WMSService] - Will NOT recombine tiles for non-tiling clients.
02 Jan 15:59:12 CONFIG [wms.WMSService] - Will proxy requests to backend that are not getmap or getcapabilities.
02 Jan 15:59:12 CONFIG [gwc.config] - Will look for 'geowebcache-diskquota.xml' in directory '/opt/geoserver/data_dir/gwc'.
02 Jan 15:59:12 CONFIG [gwc.config] - Will look for 'geowebcache-diskquota-jdbc.xml' in directory '/opt/geoserver/data_dir/gwc'.
02 Jan 15:59:12 CONFIG [diskquota.ConfigLoader] - Quota config is: /opt/geoserver/data_dir/gwc/geowebcache-diskquota.xml
02 Jan 15:59:12 CONFIG [diskquota.ConfigLoader] - Quota config is: /opt/geoserver/data_dir/gwc/geowebcache-diskquota.xml
02 Jan 15:59:16 CONFIG [diskquota.ConfigLoader] - Quota config is: /opt/geoserver/data_dir/gwc/geowebcache-diskquota.xml
02 Jan 15:59:16 CONFIG [diskquota.DiskQuotaMonitor] - Setting up disk quota periodic enforcement task
02 Jan 15:59:16 CONFIG [diskquota.DiskQuotaMonitor] - 0 layers configured with their own quotas. 
02 Jan 15:59:16 CONFIG [diskquota.DiskQuotaMonitor] - 0 layers attached to global quota 20.0 GB
02 Jan 15:59:16 CONFIG [diskquota.DiskQuotaMonitor] - Disk quota periodic enforcement task set up every 5 SECONDS
02 Jan 15:59:16 CONFIG [geoserver.security] - AuthenticationCache Initialized with 1000 Max Entries, 300 seconds idle time, 600 seconds time to live and 3 concurrency level
02 Jan 15:59:16 CONFIG [geoserver.security] - AuthenticationCache Eviction Task created to run every 600 seconds
02 Jan 15:59:17 CONFIG [geoserver.security] - Start reloading user/groups for service named default
02 Jan 15:59:17 CONFIG [geoserver.security] - Reloading user/groups successful for service named default
02 Jan 15:59:18 INFO   [config.XMLConfiguration] - Wrote configuration to /opt/geoserver/data_dir/gwc
02 Jan 16:04:12 CONFIG [gwc.layer] - GeoServer TileLayer store base directory is: gwc-layers
02 Jan 16:04:12 CONFIG [gwc.layer] - Loading tile layers from gwc-layers
02 Jan 16:04:12 CONFIG [gwc.layer] - Loaded 0 tile layers in 3.281 ms
02 Jan 16:04:12 INFO   [jdbc.JDBCQuotaStore] - Closing up the JDBC quota store 
02 Jan 16:04:12 WARN   [support.DisposableBeanAdapter] - Custom destroy method 'destroy' on bean with name 'gwcMemoryBlobStore' threw an exception: java.util.concurrent.RejectedExecutionException: Task java.util.concurrent.FutureTask@29a2bdfa[Not completed, task = org.geowebcache.storage.blobstore.memory.MemoryBlobStore$BlobStoreTask@2202e24a] rejected from java.util.concurrent.ThreadPoolExecutor@35ee3476[Terminated, pool size = 0, active threads = 0, queued tasks = 0, completed tasks = 1]
02 Jan 16:04:12 INFO   [geoserver.logging] - Beginning GeoServer cleanup sequence
